dtsund

Level 1 of the Dungeon
(0, 0, D:1)
  a mace
(48, 0, D:1)
  a rat corpse (rotten by now)
(26, 2, D:1)
  a club
(29, 2, D:1)
  a rat corpse
(51, 2, D:1)
  an orcish club
(26, 3, D:1)
  4 darts
(51, 5, D:1)
  a rat corpse (skeletalised by now)
(20, 6, D:1)
  a dart
(53, 8, D:1)
  a ring mail
(21, 10, D:1)
  a mace
(53, 13, D:1)
  12 poisoned needles
(20, 14, D:1)
  a dart
(48, 16, D:1)
  a club
(34, 21, D:1)
  a giant newt corpse (skeletalised by now)
(13, 27, D:1)
  19 arrows
(19, 48, D:1)
  a runed helmet
(33, 48, D:1)
  a giant cockroach corpse

