dtsund

Level 1 of the Dungeon
(0, 0, D:1)
  21 +0 darts
(-2, 1, D:1)
  a +0,+0 club
  a goblin corpse
(-1, 2, D:1)
  a +2,+1 long sword of holy wrath
  (unseen)
(-21, 3, D:1)
  7 poisoned +0 needles
(-8, 3, D:1)
  a +0,+0 knife
(-23, 4, D:1)
  a scroll of fog
(-26, 5, D:1)
  11 gold pieces
(-16, 11, D:1)
  a scroll of curse jewellery
(-10, 17, D:1)
  a +0 stone
(-6, 19, D:1)
  a +0 stone
(-26, 20, D:1)
  a +0 stone
(-27, 21, D:1)
  a +0 stone
(-27, 22, D:1)
  2 +0 stones
(-16, 22, D:1)
  27 poisoned +0 sling bullets

Level 2 of the Dungeon
(0, 0, D:2)
  a hobgoblin corpse
(-1, 2, D:2)
  a rat corpse

