dtsund

Level 1 of the Dungeon
(0, 0, D:1)
  a megabat skeleton
(44, 0, D:1)
  26 +0 bolts
(16, 10, D:1)
  a jackal corpse (skeletalised by now)
(26, 10, D:1)
  a +0 dart
(-23, 11, D:1)
  28 +0 arrows
(1, 11, D:1)
  a +0,+0 whip
(38, 14, D:1)
  a jackal corpse (rotten by now)
(13, 21, D:1)
  a rat corpse
(42, 23, D:1)
  a +0,+0 orcish club
(-25, 24, D:1)
  a -1,+1 orcish club
  a hobgoblin corpse (skeletalised by now)
(12, 24, D:1)
  a +0 leather armour
(29, 27, D:1)
  16 +4 sling bullets
(13, 28, D:1)
  an exploding +0 dart
(-25, 31, D:1)
  20 +0 bolts
(24, 31, D:1)
  29 +0 arrows
(-25, 32, D:1)
  a +0,+0 short sword
(39, 32, D:1)
  a +2,+1 sling
(34, 36, D:1)
  a +0 dart
(20, 40, D:1)
  a +0,+0 dagger
(5, 43, D:1)
  a +0 leather armour
(-2, 54, D:1)
  a +2,+0 elven dagger
(-2, 55, D:1)
  a +0 orcish chain mail

Level 2 of the Dungeon
(0, 0, D:2)
  a megabat corpse

