dtsund

Level 1 of the Dungeon
(0, 0, D:1)
  a +0 dart
(-21, 3, D:1)
  a kobold corpse
(-12, 3, D:1)
  a +0,+0 club
  a goblin corpse
(7, 4, D:1)
  12 +0 arrows
(10, 11, D:1)
  a +0 dart
(-4, 14, D:1)
  a rotting megabat corpse
(-3, 14, D:1)
  a rotting goblin corpse
(9, 15, D:1)
  a rotting kobold corpse
(-33, 19, D:1)
  a +0,+0 club
(-41, 34, D:1)
  a goblin skeleton
(3, 39, D:1)
  a +0,+0 club
(12, 39, D:1)
  a cursed -4,-3 orcish club
  a hobgoblin corpse (rotten by now)
(-42, 46, D:1)
  26 +0 arrows
(-45, 49, D:1)
  a goblin corpse
(-37, 49, D:1)
  a +0,+1 orcish club
  a goblin corpse

